<?xml version="1.0" encoding="UTF-8"?>
<testsuite xmlns:xsi="http://www.w3.org/2001/XMLSchema-instance" xsi:noNamespaceSchemaLocation="https://maven.apache.org/surefire/maven-surefire-plugin/xsd/surefire-test-report.xsd" name="cmpe202.IndividualProject.CardDetectorFactoryTest" time="0.326" tests="4" errors="0" skipped="0" failures="0">
  <properties>
    <property name="java.specification.version" value="15"/>
    <property name="sun.cpu.isalist" value="amd64"/>
    <property name="sun.jnu.encoding" value="Cp1252"/>
    <property name="java.class.path" value="C:\Users\Apoorv\Documents\San Jose State University\Fall 2020\CMPE 202\Assignments\IndividualProject\individual-project-ApoorvMehrotra0706\IndividualProject\target\test-classes;C:\Users\Apoorv\Documents\San Jose State University\Fall 2020\CMPE 202\Assignments\IndividualProject\individual-project-ApoorvMehrotra0706\IndividualProject\target\classes;C:\Users\Apoorv\.m2\repository\junit\junit\4.13\junit-4.13.jar;C:\Users\Apoorv\.m2\repository\org\hamcrest\hamcrest-core\1.3\hamcrest-core-1.3.jar;C:\Users\Apoorv\.m2\repository\com\googlecode\json-simple\json-simple\1.1.1\json-simple-1.1.1.jar;C:\Users\Apoorv\.m2\repository\com\opencsv\opencsv\4.1\opencsv-4.1.jar;C:\Users\Apoorv\.m2\repository\org\apache\commons\commons-lang3\3.6\commons-lang3-3.6.jar;C:\Users\Apoorv\.m2\repository\org\apache\commons\commons-text\1.1\commons-text-1.1.jar;C:\Users\Apoorv\.m2\repository\commons-beanutils\commons-beanutils\1.9.3\commons-beanutils-1.9.3.jar;C:\Users\Apoorv\.m2\repository\commons-logging\commons-logging\1.2\commons-logging-1.2.jar;C:\Users\Apoorv\.m2\repository\commons-collections\commons-collections\3.2.2\commons-collections-3.2.2.jar;C:\Users\Apoorv\.m2\repository\com\google\code\gson\gson\2.8.6\gson-2.8.6.jar;"/>
    <property name="java.vm.vendor" value="Oracle Corporation"/>
    <property name="sun.arch.data.model" value="64"/>
    <property name="user.variant" value=""/>
    <property name="java.vendor.url" value="https://java.oracle.com/"/>
    <property name="user.timezone" value="America/Tijuana"/>
    <property name="os.name" value="Windows 10"/>
    <property name="java.vm.specification.version" value="15"/>
    <property name="sun.java.launcher" value="SUN_STANDARD"/>
    <property name="user.country" value="GB"/>
    <property name="sun.boot.library.path" value="C:\Program Files\Java\jdk-15.0.1\bin"/>
    <property name="sun.java.command" value="C:\Users\Apoorv\AppData\Local\Temp\surefire8826141914139009996\surefirebooter18387770902278074438.jar C:\Users\Apoorv\AppData\Local\Temp\surefire8826141914139009996 2020-11-15T01-50-24_719-jvmRun1 surefire6671660866339133512tmp surefire_05053936824053109630tmp"/>
    <property name="jdk.debug" value="release"/>
    <property name="surefire.test.class.path" value="C:\Users\Apoorv\Documents\San Jose State University\Fall 2020\CMPE 202\Assignments\IndividualProject\individual-project-ApoorvMehrotra0706\IndividualProject\target\test-classes;C:\Users\Apoorv\Documents\San Jose State University\Fall 2020\CMPE 202\Assignments\IndividualProject\individual-project-ApoorvMehrotra0706\IndividualProject\target\classes;C:\Users\Apoorv\.m2\repository\junit\junit\4.13\junit-4.13.jar;C:\Users\Apoorv\.m2\repository\org\hamcrest\hamcrest-core\1.3\hamcrest-core-1.3.jar;C:\Users\Apoorv\.m2\repository\com\googlecode\json-simple\json-simple\1.1.1\json-simple-1.1.1.jar;C:\Users\Apoorv\.m2\repository\com\opencsv\opencsv\4.1\opencsv-4.1.jar;C:\Users\Apoorv\.m2\repository\org\apache\commons\commons-lang3\3.6\commons-lang3-3.6.jar;C:\Users\Apoorv\.m2\repository\org\apache\commons\commons-text\1.1\commons-text-1.1.jar;C:\Users\Apoorv\.m2\repository\commons-beanutils\commons-beanutils\1.9.3\commons-beanutils-1.9.3.jar;C:\Users\Apoorv\.m2\repository\commons-logging\commons-logging\1.2\commons-logging-1.2.jar;C:\Users\Apoorv\.m2\repository\commons-collections\commons-collections\3.2.2\commons-collections-3.2.2.jar;C:\Users\Apoorv\.m2\repository\com\google\code\gson\gson\2.8.6\gson-2.8.6.jar;"/>
    <property name="sun.cpu.endian" value="little"/>
    <property name="user.home" value="C:\Users\Apoorv"/>
    <property name="user.language" value="en"/>
    <property name="java.specification.vendor" value="Oracle Corporation"/>
    <property name="java.version.date" value="2020-10-20"/>
    <property name="java.home" value="C:\Program Files\Java\jdk-15.0.1"/>
    <property name="file.separator" value="\"/>
    <property name="basedir" value="C:\Users\Apoorv\Documents\San Jose State University\Fall 2020\CMPE 202\Assignments\IndividualProject\individual-project-ApoorvMehrotra0706\IndividualProject"/>
    <property name="java.vm.compressedOopsMode" value="32-bit"/>
    <property name="line.separator" value="&#10;"/>
    <property name="java.vm.specification.vendor" value="Oracle Corporation"/>
    <property name="java.specification.name" value="Java Platform API Specification"/>
    <property name="surefire.real.class.path" value="C:\Users\Apoorv\AppData\Local\Temp\surefire8826141914139009996\surefirebooter18387770902278074438.jar"/>
    <property name="user.script" value=""/>
    <property name="sun.management.compiler" value="HotSpot 64-Bit Tiered Compilers"/>
    <property name="java.runtime.version" value="15.0.1+9-18"/>
    <property name="user.name" value="Apoorv"/>
    <property name="path.separator" value=";"/>
    <property name="os.version" value="10.0"/>
    <property name="java.runtime.name" value="Java(TM) SE Runtime Environment"/>
    <property name="file.encoding" value="Cp1252"/>
    <property name="java.vm.name" value="Java HotSpot(TM) 64-Bit Server VM"/>
    <property name="localRepository" value="C:\Users\Apoorv\.m2\repository"/>
    <property name="java.vendor.url.bug" value="https://bugreport.java.com/bugreport/"/>
    <property name="java.io.tmpdir" value="C:\Users\Apoorv\AppData\Local\Temp\"/>
    <property name="java.version" value="15.0.1"/>
    <property name="user.dir" value="C:\Users\Apoorv\Documents\San Jose State University\Fall 2020\CMPE 202\Assignments\IndividualProject\individual-project-ApoorvMehrotra0706\IndividualProject"/>
    <property name="os.arch" value="amd64"/>
    <property name="java.vm.specification.name" value="Java Virtual Machine Specification"/>
    <property name="sun.os.patch.level" value=""/>
    <property name="java.library.path" value="C:\Program Files\Java\jdk-15.0.1\bin;C:\WINDOWS\Sun\Java\bin;C:\WINDOWS\system32;C:\WINDOWS;C:\Users\Apoorv\bin;C:\Program Files\Git\mingw64\bin;C:\Program Files\Git\usr\local\bin;C:\Program Files\Git\usr\bin;C:\Program Files\Git\usr\bin;C:\Program Files\Git\mingw64\bin;C:\Program Files\Git\usr\bin;C:\Users\Apoorv\bin;C:\Program Files\Common Files\Oracle\Java\javapath;C:\Program Files (x86)\Intel\iCLS Client;C:\ProgramData\Oracle\Java\javapath;C:\Program Files\Intel\iCLS Client;C:\WINDOWS\system32;C:\WINDOWS;C:\WINDOWS\System32\Wbem;C:\WINDOWS\System32\WindowsPowerShell\v1.0;C:\Program Files\Intel\IntelSGXPSW\bin\x64\Release;C:\Program Files\Intel\IntelSGXPSW\bin\win32\Release;C:\Program Files (x86)\Intel\Intel(R) Management Engine Components\DAL;C:\Program Files\Intel\Intel(R) Management Engine Components\DAL;C:\Program Files (x86)\Intel\Intel(R) Management Engine Components\IPT;C:\Program Files\Intel\Intel(R) Management Engine Components\IPT;C:\WINDOWS\System32\OpenSSH;C:\Program Files\Intel\WiFi\bin;C:\Program Files\Common Files\Intel\WirelessCommon;C:\Program Files\Git\cmd;C:\Program Files\SourceGear\Common\DiffMerge;C:\Program Files\Docker\Docker\resources\bin;C:\ProgramData\DockerDesktop\version-bin;C:\Program Files\Amazon\AWSCLIV2;C:\Program Files\nodejs;C:\Program Files\Java\jdk-15.0.1\bin;C:\zk\apache-zookeeper-3.6.2-bin\apache-zookeeper-3.6.2-bin\bin;C:\Program Files\apache-maven-3.6.3\bin;C:\Users\Apoorv\anaconda3;C:\Users\Apoorv\anaconda3\Library\mingw-w64\bin;C:\Users\Apoorv\anaconda3\Library\usr\bin;C:\Users\Apoorv\anaconda3\Library\bin;C:\Users\Apoorv\anaconda3\Scripts;C:\Users\Apoorv\AppData\Local\Microsoft\WindowsApps;C:\Users\Apoorv\AppData\Local\Programs\Microsoft VS Code\bin;C:\Users\Apoorv\AppData\Local\Microsoft\WindowsApps;C:\Users\Apoorv\AppData\Roaming\npm;C:\Program Files\Java\jdk-15.0.1\bin;C:\zk\apache-zookeeper-3.6.2-bin\apache-zookeeper-3.6.2-bin\bin;C:\Program Files\apache-maven-3.6.3\bin;C:\Program Files\Git\usr\bin\vendor_perl;C:\Program Files\Git\usr\bin\core_perl;."/>
    <property name="java.vm.info" value="mixed mode, sharing"/>
    <property name="java.vendor" value="Oracle Corporation"/>
    <property name="java.vm.version" value="15.0.1+9-18"/>
    <property name="sun.io.unicode.encoding" value="UnicodeLittle"/>
    <property name="java.class.version" value="59.0"/>
  </properties>
  <testcase name="TestCheckTypeOfCardError" classname="cmpe202.IndividualProject.CardDetectorFactoryTest" time="0.022"/>
  <testcase name="TestCheckTypeOfCardAmEx" classname="cmpe202.IndividualProject.CardDetectorFactoryTest" time="0"/>
  <testcase name="TestCheckTypeOfCardVisa" classname="cmpe202.IndividualProject.CardDetectorFactoryTest" time="0"/>
  <testcase name="TestCheckTypeOfCardMasterCard" classname="cmpe202.IndividualProject.CardDetectorFactoryTest" time="0.001"/>
</testsuite>